2019-03-24 21:08:22,353 INFO  [Log] ================================= 
2019-03-24 21:08:22,354 INFO  [Log] =========TC001========= 
2019-03-24 21:08:22,354 INFO  [Log] ================================= 
2019-03-24 21:08:33,645 INFO  [Log] Successfully opened the URL https://www.aapc.com/ 
2019-03-24 21:08:33,726 INFO  [Log] Successfully hovered over the element xpath://*[@id="tm-233"] 
2019-03-24 21:08:43,202 INFO  [Log] Successfully hovered and clicked on the element linkText:Individual 
2019-03-24 21:08:43,203 INFO  [Log] =================END================ 
2019-03-24 21:08:43,204 INFO  [Log] ================================= 
2019-03-24 21:08:43,204 INFO  [Log] =========TC002========= 
2019-03-24 21:08:43,204 INFO  [Log] ================================= 
2019-03-24 21:08:43,246 INFO  [Log] Successfully fetched the value from element id:totalPrice 
2019-03-24 21:08:43,423 ERROR [Log] Not able to click the element name:ctl00$Body$btnJoinNow.......... 
2019-03-24 21:08:43,443 ERROR [Log] Not able to fetch the value from element xpath://*[@id="ctl00_body_lblSummary_Total"] 
2019-03-24 21:08:43,524 ERROR [Log] Not able to click the element xpath://*[@id="ctl00_body_btnLoginAndCreateAccountRedirect"]/a 
2019-03-24 21:08:43,524 INFO  [Log] =================END================ 
2019-03-24 21:08:43,524 INFO  [Log] ================================= 
2019-03-24 21:08:43,524 INFO  [Log] =========TC003========= 
2019-03-24 21:08:43,524 INFO  [Log] ================================= 
2019-03-24 21:09:03,884 ERROR [Log] Not able to enter the text in the element name:ctl00$Body$tbxNPFirstName 
2019-03-24 21:09:24,190 ERROR [Log] Not able to enter the text in the element name:ctl00$Body$tbxNPLastName 
2019-03-24 21:09:44,482 ERROR [Log] Not able to enter the text in the element name:ctl00$Body$rgUserName 
2019-03-24 21:10:04,800 ERROR [Log] Not able to enter the text in the element name:ctl00$Body$rgPassword 
2019-03-24 21:10:25,121 ERROR [Log] Not able to enter the text in the element name:ctl00$Body$ConfirmPassword 
2019-03-24 21:10:45,352 ERROR [Log] Not able to enter the text in the element name:ctl00$Body$Email 
2019-03-24 21:11:05,618 ERROR [Log] Not able to enter the text in the element name:ctl00$Body$tbxNPCompany 
2019-03-24 21:11:25,945 ERROR [Log] Not able to enter the text in the element name:ctl00$Body$tbxNPStreet 
2019-03-24 21:11:46,165 ERROR [Log] Not able to enter the text in the element name:ctl00$Body$tbxNPCity 
2019-03-24 21:11:46,182 ERROR [Log] Not able to select value from dropdown element  name:ctl00$Body$ddlNPRegion 
2019-03-24 21:11:46,201 ERROR [Log] Not able to select value from dropdown element  name:ctl00$Body$ddlNPCountry 
2019-03-24 21:12:06,557 ERROR [Log] Not able to enter the text in the element name:ctl00$Body$txtNPPhone 
2019-03-24 21:12:26,787 ERROR [Log] Not able to enter the text in the element name:ctl00$Body$tbxNPZip 
2019-03-24 21:12:26,787 INFO  [Log] =================END================ 
2019-03-24 21:14:32,134 INFO  [Log] ================================= 
2019-03-24 21:14:32,134 INFO  [Log] =========TC001========= 
2019-03-24 21:14:32,134 INFO  [Log] ================================= 
2019-03-24 21:14:44,584 INFO  [Log] Successfully opened the URL https://www.aapc.com/ 
2019-03-24 21:14:44,670 INFO  [Log] Successfully hovered over the element xpath://*[@id="tm-233"] 
2019-03-24 21:14:48,084 INFO  [Log] Successfully hovered and clicked on the element linkText:Individual 
2019-03-24 21:14:48,084 INFO  [Log] =================END================ 
2019-03-24 21:14:48,087 INFO  [Log] ================================= 
2019-03-24 21:14:48,087 INFO  [Log] =========TC002========= 
2019-03-24 21:14:48,087 INFO  [Log] ================================= 
2019-03-24 21:14:48,127 INFO  [Log] Successfully fetched the value from element id:totalPrice 
2019-03-24 21:14:52,836 INFO  [Log] Successfully clicked the element name:ctl00$Body$btnJoinNow 
2019-03-24 21:14:52,878 INFO  [Log] Successfully fetched the value from element xpath://*[@id="ctl00_body_lblSummary_Total"] 
2019-03-24 21:14:58,670 INFO  [Log] Successfully clicked the element xpath://*[@id="ctl00_body_btnLoginAndCreateAccountRedirect"]/a 
2019-03-24 21:14:58,670 INFO  [Log] =================END================ 
2019-03-24 21:14:58,670 INFO  [Log] ================================= 
2019-03-24 21:14:58,670 INFO  [Log] =========TC003========= 
2019-03-24 21:14:58,671 INFO  [Log] ================================= 
2019-03-24 21:14:58,851 INFO  [Log] Successfully entered the text in the element name:ctl00$Body$tbxNPFirstName 
2019-03-24 21:14:59,068 INFO  [Log] Successfully entered the text in the element name:ctl00$Body$tbxNPLastName 
2019-03-24 21:14:59,394 INFO  [Log] Successfully entered the text in the element name:ctl00$Body$rgUserName 
2019-03-24 21:14:59,538 INFO  [Log] Successfully entered the text in the element name:ctl00$Body$rgPassword 
2019-03-24 21:14:59,685 INFO  [Log] Successfully entered the text in the element name:ctl00$Body$ConfirmPassword 
2019-03-24 21:14:59,996 INFO  [Log] Successfully entered the text in the element name:ctl00$Body$Email 
2019-03-24 21:15:00,137 INFO  [Log] Successfully entered the text in the element name:ctl00$Body$tbxNPCompany 
2019-03-24 21:15:00,338 INFO  [Log] Successfully entered the text in the element name:ctl00$Body$tbxNPStreet 
2019-03-24 21:15:00,520 INFO  [Log] Successfully entered the text in the element name:ctl00$Body$tbxNPCity 
2019-03-24 21:15:00,631 INFO  [Log] Successfully selected value from dropdown element  name:ctl00$Body$ddlNPRegion 
2019-03-24 21:15:00,684 INFO  [Log] Successfully selected value from dropdown element  name:ctl00$Body$ddlNPCountry 
2019-03-24 21:15:00,817 INFO  [Log] Successfully entered the text in the element name:ctl00$Body$txtNPPhone 
2019-03-24 21:15:00,929 INFO  [Log] Successfully entered the text in the element name:ctl00$Body$tbxNPZip 
2019-03-24 21:15:00,929 INFO  [Log] =================END================ 
2019-03-24 21:19:55,026 INFO  [Log] ================================= 
2019-03-24 21:19:55,027 INFO  [Log] =========TC001========= 
2019-03-24 21:19:55,027 INFO  [Log] ================================= 
2019-03-24 21:20:09,194 INFO  [Log] Successfully opened the URL https://www.aapc.com/ 
2019-03-24 21:20:09,261 INFO  [Log] Successfully hovered over the element xpath://*[@id="tm-233"] 
2019-03-24 21:20:17,976 INFO  [Log] Successfully hovered and clicked on the element linkText:Individual 
2019-03-24 21:20:17,976 INFO  [Log] =================END================ 
2019-03-24 21:20:17,980 INFO  [Log] ================================= 
2019-03-24 21:20:17,981 INFO  [Log] =========TC002========= 
2019-03-24 21:20:17,981 INFO  [Log] ================================= 
2019-03-24 21:20:18,019 INFO  [Log] Successfully fetched the value from element id:totalPrice 
2019-03-24 21:20:22,070 INFO  [Log] Successfully clicked the element name:ctl00$Body$btnJoinNow 
2019-03-24 21:20:22,124 INFO  [Log] Successfully fetched the value from element xpath://*[@id="ctl00_body_lblSummary_Total"] 
2019-03-24 21:20:24,487 INFO  [Log] Successfully clicked the element xpath://*[@id="ctl00_body_btnLoginAndCreateAccountRedirect"]/a 
2019-03-24 21:20:24,487 INFO  [Log] =================END================ 
2019-03-24 21:20:24,487 INFO  [Log] ================================= 
2019-03-24 21:20:24,488 INFO  [Log] =========TC003========= 
2019-03-24 21:20:24,488 INFO  [Log] ================================= 
2019-03-24 21:20:24,671 INFO  [Log] Successfully entered the text in the element name:ctl00$Body$tbxNPFirstName 
2019-03-24 21:20:24,878 INFO  [Log] Successfully entered the text in the element name:ctl00$Body$tbxNPLastName 
2019-03-24 21:20:25,105 INFO  [Log] Successfully entered the text in the element name:ctl00$Body$rgUserName 
2019-03-24 21:20:25,227 INFO  [Log] Successfully entered the text in the element name:ctl00$Body$rgPassword 
2019-03-24 21:20:25,353 INFO  [Log] Successfully entered the text in the element name:ctl00$Body$ConfirmPassword 
2019-03-24 21:20:25,657 INFO  [Log] Successfully entered the text in the element name:ctl00$Body$Email 
2019-03-24 21:20:25,773 INFO  [Log] Successfully entered the text in the element name:ctl00$Body$tbxNPCompany 
2019-03-24 21:20:25,956 INFO  [Log] Successfully entered the text in the element name:ctl00$Body$tbxNPStreet 
2019-03-24 21:20:46,224 ERROR [Log] Not able to enter the text in the element name:ctl00$Body$tbxNPCity-------- 
2019-03-24 21:20:46,379 INFO  [Log] Successfully selected value from dropdown element  name:ctl00$Body$ddlNPRegion 
2019-03-24 21:20:46,439 INFO  [Log] Successfully selected value from dropdown element  name:ctl00$Body$ddlNPCountry 
2019-03-24 21:20:46,574 INFO  [Log] Successfully entered the text in the element name:ctl00$Body$txtNPPhone 
2019-03-24 21:20:46,676 INFO  [Log] Successfully entered the text in the element name:ctl00$Body$tbxNPZip 
2019-03-24 21:20:46,676 INFO  [Log] =================END================ 
2019-03-24 21:58:40,864 INFO  [Log] ================================= 
2019-03-24 21:58:40,865 INFO  [Log] =========TC001========= 
2019-03-24 21:58:40,865 INFO  [Log] ================================= 
2019-03-24 21:58:54,452 INFO  [Log] Successfully opened the URL https://www.aapc.com/ 
2019-03-24 21:58:54,518 INFO  [Log] Successfully hovered over the element xpath://*[@id="tm-233"] 
2019-03-24 21:58:58,527 INFO  [Log] Successfully hovered and clicked on the element linkText:Individual 
2019-03-24 21:58:58,527 INFO  [Log] =================END================ 
2019-03-24 21:58:58,681 INFO  [Log] ================================= 
2019-03-24 21:58:58,684 INFO  [Log] =========TC002========= 
2019-03-24 21:58:58,684 INFO  [Log] ================================= 
2019-03-24 21:58:58,722 INFO  [Log] Successfully fetched the value from element id:totalPrice 
2019-03-24 21:59:02,959 INFO  [Log] Successfully clicked the element name:ctl00$Body$btnJoinNow 
2019-03-24 21:59:03,006 INFO  [Log] Successfully fetched the value from element xpath://*[@id="ctl00_body_lblSummary_Total"] 
2019-03-24 21:59:05,446 INFO  [Log] Successfully clicked the element xpath://*[@id="ctl00_body_btnLoginAndCreateAccountRedirect"]/a 
2019-03-24 21:59:05,446 INFO  [Log] =================END================ 
2019-03-24 21:59:05,513 INFO  [Log] ================================= 
2019-03-24 21:59:05,513 INFO  [Log] =========TC003========= 
2019-03-24 21:59:05,513 INFO  [Log] ================================= 
2019-03-24 21:59:05,696 INFO  [Log] Successfully entered the text in the element name:ctl00$Body$tbxNPFirstName 
2019-03-24 21:59:05,888 INFO  [Log] Successfully entered the text in the element name:ctl00$Body$tbxNPLastName 
2019-03-24 21:59:06,091 INFO  [Log] Successfully entered the text in the element name:ctl00$Body$rgUserName 
2019-03-24 21:59:06,197 INFO  [Log] Successfully entered the text in the element name:ctl00$Body$rgPassword 
2019-03-24 21:59:06,313 INFO  [Log] Successfully entered the text in the element name:ctl00$Body$ConfirmPassword 
2019-03-24 21:59:06,595 INFO  [Log] Successfully entered the text in the element name:ctl00$Body$Email 
2019-03-24 21:59:06,723 INFO  [Log] Successfully entered the text in the element name:ctl00$Body$tbxNPCompany 
2019-03-24 21:59:06,910 INFO  [Log] Successfully entered the text in the element name:ctl00$Body$tbxNPStreet 
2019-03-24 21:59:07,075 INFO  [Log] Successfully entered the text in the element name:ctl00$Body$tbxNPCity 
2019-03-24 21:59:07,180 INFO  [Log] Successfully selected value from dropdown element  name:ctl00$Body$ddlNPRegion 
2019-03-24 21:59:07,245 INFO  [Log] Successfully selected value from dropdown element  name:ctl00$Body$ddlNPCountry 
2019-03-24 21:59:07,391 INFO  [Log] Successfully entered the text in the element name:ctl00$Body$txtNPPhone 
2019-03-24 21:59:07,506 INFO  [Log] Successfully entered the text in the element name:ctl00$Body$tbxNPZip 
2019-03-24 21:59:07,506 INFO  [Log] =================END================ 
2019-03-24 22:00:43,446 INFO  [Log] ================================= 
2019-03-24 22:00:43,447 INFO  [Log] =========TC001========= 
2019-03-24 22:00:43,447 INFO  [Log] ================================= 
2019-03-24 22:00:56,106 INFO  [Log] Successfully opened the URL https://www.aapc.com/ 
2019-03-24 22:00:56,175 INFO  [Log] Successfully hovered over the element xpath://*[@id="tm-233"] 
2019-03-24 22:00:58,918 INFO  [Log] Successfully hovered and clicked on the element linkText:Individual 
2019-03-24 22:00:58,918 INFO  [Log] =================END================ 
2019-03-24 22:00:59,078 INFO  [Log] ================================= 
2019-03-24 22:00:59,078 INFO  [Log] =========TC002========= 
2019-03-24 22:00:59,078 INFO  [Log] ================================= 
2019-03-24 22:00:59,116 INFO  [Log] Successfully fetched the value from element id:totalPrice 
2019-03-24 22:01:03,621 INFO  [Log] Successfully clicked the element name:ctl00$Body$btnJoinNow 
2019-03-24 22:01:03,652 ERROR [Log] Not able to fetch the value from element xpath://*[@id="ctl00_body_lblSummary_Total"]... 
2019-03-24 22:01:05,395 INFO  [Log] Successfully clicked the element xpath://*[@id="ctl00_body_btnLoginAndCreateAccountRedirect"]/a 
2019-03-24 22:01:05,395 INFO  [Log] =================END================ 
2019-03-24 22:01:59,558 INFO  [Log] ================================= 
2019-03-24 22:01:59,558 INFO  [Log] =========TC001========= 
2019-03-24 22:01:59,559 INFO  [Log] ================================= 
2019-03-24 22:02:12,848 INFO  [Log] Successfully opened the URL https://www.aapc.com/ 
2019-03-24 22:02:12,927 INFO  [Log] Successfully hovered over the element xpath://*[@id="tm-233"] 
2019-03-24 22:02:21,717 INFO  [Log] Successfully hovered and clicked on the element linkText:Individual 
2019-03-24 22:02:21,718 INFO  [Log] =================END================ 
2019-03-24 22:02:21,879 INFO  [Log] ================================= 
2019-03-24 22:02:21,879 INFO  [Log] =========TC002========= 
2019-03-24 22:02:21,880 INFO  [Log] ================================= 
2019-03-24 22:02:21,912 INFO  [Log] Successfully fetched the value from element id:totalPrice 
2019-03-24 22:02:25,663 INFO  [Log] Successfully clicked the element name:ctl00$Body$btnJoinNow 
2019-03-24 22:02:25,721 INFO  [Log] Successfully fetched the value from element xpath://*[@id="ctl00_body_lblSummary_Total"] 
2019-03-24 22:02:28,627 INFO  [Log] Successfully clicked the element xpath://*[@id="ctl00_body_btnLoginAndCreateAccountRedirect"]/a 
2019-03-24 22:02:28,628 INFO  [Log] =================END================ 
2019-03-24 22:53:49,375 INFO  [Log] ================================= 
2019-03-24 22:53:49,376 INFO  [Log] =========TC001========= 
2019-03-24 22:53:49,376 INFO  [Log] ================================= 
2019-03-24 22:54:03,391 INFO  [Log] Successfully opened the URL https://www.aapc.com/ 
2019-03-24 22:54:03,465 INFO  [Log] Successfully hovered over the element xpath://*[@id="tm-233"] 
2019-03-24 22:54:07,104 INFO  [Log] Successfully hovered and clicked on the element linkText:Individual 
2019-03-24 22:54:07,104 INFO  [Log] =================END================ 
2019-03-24 22:54:07,259 INFO  [Log] ================================= 
2019-03-24 22:54:07,259 INFO  [Log] =========TC002========= 
2019-03-24 22:54:07,259 INFO  [Log] ================================= 
2019-03-24 22:54:07,296 INFO  [Log] Successfully fetched the value from element id:totalPrice 
2019-03-24 22:54:11,579 INFO  [Log] Successfully clicked the element name:ctl00$Body$btnJoinNow 
2019-03-24 22:54:11,631 INFO  [Log] Successfully fetched the value from element xpath://*[@id="ctl00_body_lblSummary_Total"] 
2019-03-24 22:54:14,264 INFO  [Log] Successfully clicked the element xpath://*[@id="ctl00_body_btnLoginAndCreateAccountRedirect"]/a 
2019-03-24 22:54:14,264 INFO  [Log] =================END================ 
2019-03-24 22:54:14,319 INFO  [Log] ================================= 
2019-03-24 22:54:14,319 INFO  [Log] =========TC003========= 
2019-03-24 22:54:14,319 INFO  [Log] ================================= 
2019-03-24 22:54:14,507 INFO  [Log] Successfully entered the text in the element name:ctl00$Body$tbxNPFirstName 
2019-03-24 22:54:15,030 INFO  [Log] Successfully entered the text in the element name:ctl00$Body$tbxNPLastName 
2019-03-24 22:54:15,267 INFO  [Log] Successfully entered the text in the element name:ctl00$Body$rgUserName 
2019-03-24 22:54:15,398 INFO  [Log] Successfully entered the text in the element name:ctl00$Body$rgPassword 
2019-03-24 22:54:15,513 INFO  [Log] Successfully entered the text in the element name:ctl00$Body$ConfirmPassword 
2019-03-24 22:54:15,800 INFO  [Log] Successfully entered the text in the element name:ctl00$Body$Email 
2019-03-24 22:54:15,928 INFO  [Log] Successfully entered the text in the element name:ctl00$Body$tbxNPCompany 
2019-03-24 22:54:16,131 INFO  [Log] Successfully entered the text in the element name:ctl00$Body$tbxNPStreet 
2019-03-24 22:54:16,298 INFO  [Log] Successfully entered the text in the element name:ctl00$Body$tbxNPCity 
2019-03-24 22:54:16,397 INFO  [Log] Successfully selected value from dropdown element  name:ctl00$Body$ddlNPRegion 
2019-03-24 22:54:16,474 INFO  [Log] Successfully selected value from dropdown element  name:ctl00$Body$ddlNPCountry 
2019-03-24 22:54:16,634 INFO  [Log] Successfully entered the text in the element name:ctl00$Body$txtNPPhone 
2019-03-24 22:54:16,741 INFO  [Log] Successfully entered the text in the element name:ctl00$Body$tbxNPZip 
2019-03-24 22:54:16,742 INFO  [Log] =================END================ 
2019-03-24 22:54:16,793 INFO  [Log] ================================= 
2019-03-24 22:54:16,793 INFO  [Log] =========TC004========= 
2019-03-24 22:54:16,793 INFO  [Log] ================================= 
2019-03-24 22:54:16,835 INFO  [Log] Successfully hovered over the element xpath://*[@id="tm-148"] 
2019-03-24 22:54:22,765 INFO  [Log] Successfully hovered and clicked on the element linktext:AAPC Coder (Code Lookup) 
2019-03-24 22:54:25,322 INFO  [Log] Successfully clicked the element xpath://*[@id="main_content"]/div[5]/div[1]/div[1]/div/div[1]/div/div/div[2]/a 
2019-03-24 22:54:25,434 INFO  [Log] Successfully clicked the element id:ctl00_body_chkProFeeCoderMonthly 
2019-03-24 22:54:25,500 INFO  [Log] Successfully clicked the element id:chkTermsAndConditions 
2019-03-24 22:54:28,538 INFO  [Log] Successfully clicked the element xpath://*[@id="ctl00_body_LinkButton1"]/strong 
2019-03-24 22:54:28,538 INFO  [Log] =================END================ 
2019-03-30 23:02:58,787 INFO  [Log] ================================= 
2019-03-30 23:02:58,788 INFO  [Log] =========TC001========= 
2019-03-30 23:02:58,788 INFO  [Log] ================================= 
2019-03-30 23:03:11,991 INFO  [Log] Successfully opened the URL https://www.aapc.com/ 
2019-03-30 23:03:12,075 INFO  [Log] Successfully hovered over the element xpath://*[@id="tm-233"] 
2019-03-30 23:03:15,931 INFO  [Log] Successfully hovered and clicked on the element linkText:Individual 
2019-03-30 23:03:15,931 INFO  [Log] =================END================ 
2019-03-30 23:03:16,116 INFO  [Log] ================================= 
2019-03-30 23:03:16,116 INFO  [Log] =========TC002========= 
2019-03-30 23:03:16,116 INFO  [Log] ================================= 
2019-03-30 23:03:16,150 INFO  [Log] Successfully fetched the value from element id:totalPrice 
2019-03-30 23:03:20,732 INFO  [Log] Successfully clicked the element name:ctl00$Body$btnJoinNow 
2019-03-30 23:03:20,781 INFO  [Log] Successfully fetched the value from element xpath://*[@id="ctl00_body_lblSummary_Total"] 
2019-03-30 23:03:23,304 INFO  [Log] Successfully clicked the element xpath://*[@id="ctl00_body_btnLoginAndCreateAccountRedirect"]/a 
2019-03-30 23:03:23,304 INFO  [Log] =================END================ 
2019-03-30 23:03:23,372 INFO  [Log] ================================= 
2019-03-30 23:03:23,373 INFO  [Log] =========TC003========= 
2019-03-30 23:03:23,373 INFO  [Log] ================================= 
2019-03-30 23:03:23,579 INFO  [Log] Successfully entered the text in the element name:ctl00$Body$tbxNPFirstName 
2019-03-30 23:03:23,787 INFO  [Log] Successfully entered the text in the element name:ctl00$Body$tbxNPLastName 
2019-03-30 23:03:23,991 INFO  [Log] Successfully entered the text in the element name:ctl00$Body$rgUserName 
2019-03-30 23:03:24,107 INFO  [Log] Successfully entered the text in the element name:ctl00$Body$rgPassword 
2019-03-30 23:03:24,212 INFO  [Log] Successfully entered the text in the element name:ctl00$Body$ConfirmPassword 
2019-03-30 23:03:24,497 INFO  [Log] Successfully entered the text in the element name:ctl00$Body$Email 
2019-03-30 23:03:24,605 INFO  [Log] Successfully entered the text in the element name:ctl00$Body$tbxNPCompany 
2019-03-30 23:03:24,787 INFO  [Log] Successfully entered the text in the element name:ctl00$Body$tbxNPStreet 
2019-03-30 23:03:24,944 INFO  [Log] Successfully entered the text in the element name:ctl00$Body$tbxNPCity 
2019-03-30 23:03:25,061 INFO  [Log] Successfully selected value from dropdown element  name:ctl00$Body$ddlNPRegion 
2019-03-30 23:03:25,126 INFO  [Log] Successfully selected value from dropdown element  name:ctl00$Body$ddlNPCountry 
2019-03-30 23:03:25,254 INFO  [Log] Successfully entered the text in the element name:ctl00$Body$txtNPPhone 
2019-03-30 23:03:25,359 INFO  [Log] Successfully entered the text in the element name:ctl00$Body$tbxNPZip 
2019-03-30 23:03:25,359 INFO  [Log] =================END================ 
2019-03-30 23:03:25,424 INFO  [Log] ================================= 
2019-03-30 23:03:25,425 INFO  [Log] =========TC004========= 
2019-03-30 23:03:25,425 INFO  [Log] ================================= 
2019-03-30 23:03:25,477 INFO  [Log] Successfully hovered over the element xpath://*[@id="tm-148"] 
2019-03-30 23:03:29,386 INFO  [Log] Successfully hovered and clicked on the element linktext:AAPC Coder (Code Lookup) 
2019-03-30 23:03:34,418 INFO  [Log] Successfully clicked the element xpath://*[@id="main_content"]/div[5]/div[1]/div[1]/div/div[1]/div/div/div[2]/a 
2019-03-30 23:03:34,514 INFO  [Log] Successfully clicked the element id:ctl00_body_chkProFeeCoderMonthly 
2019-03-30 23:03:34,594 INFO  [Log] Successfully clicked the element id:chkTermsAndConditions 
2019-03-30 23:03:37,968 INFO  [Log] Successfully clicked the element xpath://*[@id="ctl00_body_LinkButton1"]/strong 
2019-03-30 23:03:37,968 INFO  [Log] =================END================ 
2019-03-31 21:05:36,213 INFO  [Log] ================================= 
2019-03-31 21:05:36,214 INFO  [Log] =========TC001========= 
2019-03-31 21:05:36,214 INFO  [Log] ================================= 
2019-03-31 21:05:49,920 INFO  [Log] Successfully opened the URL https://www.aapc.com/ 
2019-03-31 21:05:49,985 INFO  [Log] Successfully hovered over the element xpath://*[@id="tm-233"] 
2019-03-31 21:05:53,622 INFO  [Log] Successfully hovered and clicked on the element linkText:Individual 
2019-03-31 21:05:53,623 INFO  [Log] =================END================ 
2019-03-31 21:05:53,856 INFO  [Log] ================================= 
2019-03-31 21:05:53,856 INFO  [Log] =========TC002========= 
2019-03-31 21:05:53,856 INFO  [Log] ================================= 
2019-03-31 21:05:53,901 INFO  [Log] Successfully fetched the value from element id:totalPrice 
2019-03-31 21:05:59,425 INFO  [Log] Successfully clicked the element name:ctl00$Body$btnJoinNow 
2019-03-31 21:05:59,488 INFO  [Log] Successfully fetched the value from element xpath://*[@id="ctl00_body_lblSummary_Total"] 
2019-03-31 21:06:01,626 INFO  [Log] Successfully clicked the element xpath://*[@id="ctl00_body_btnLoginAndCreateAccountRedirect"]/a 
2019-03-31 21:06:01,626 INFO  [Log] =================END================ 
2019-03-31 21:06:01,695 INFO  [Log] ================================= 
2019-03-31 21:06:01,695 INFO  [Log] =========TC003========= 
2019-03-31 21:06:01,695 INFO  [Log] ================================= 
2019-03-31 21:06:01,951 INFO  [Log] Successfully entered the text in the element name:ctl00$Body$tbxNPFirstName 
2019-03-31 21:06:02,175 INFO  [Log] Successfully entered the text in the element name:ctl00$Body$tbxNPLastName 
2019-03-31 21:06:02,382 INFO  [Log] Successfully entered the text in the element name:ctl00$Body$rgUserName 
2019-03-31 21:06:02,506 INFO  [Log] Successfully entered the text in the element name:ctl00$Body$rgPassword 
2019-03-31 21:06:02,615 INFO  [Log] Successfully entered the text in the element name:ctl00$Body$ConfirmPassword 
2019-03-31 21:06:02,883 INFO  [Log] Successfully entered the text in the element name:ctl00$Body$Email 
2019-03-31 21:06:02,991 INFO  [Log] Successfully entered the text in the element name:ctl00$Body$tbxNPCompany 
2019-03-31 21:06:03,175 INFO  [Log] Successfully entered the text in the element name:ctl00$Body$tbxNPStreet 
2019-03-31 21:06:03,348 INFO  [Log] Successfully entered the text in the element name:ctl00$Body$tbxNPCity 
2019-03-31 21:06:03,445 INFO  [Log] Successfully selected value from dropdown element  name:ctl00$Body$ddlNPRegion 
2019-03-31 21:06:03,507 INFO  [Log] Successfully selected value from dropdown element  name:ctl00$Body$ddlNPCountry 
2019-03-31 21:06:03,640 INFO  [Log] Successfully entered the text in the element name:ctl00$Body$txtNPPhone 
2019-03-31 21:06:03,745 INFO  [Log] Successfully entered the text in the element name:ctl00$Body$tbxNPZip 
2019-03-31 21:06:03,745 INFO  [Log] =================END================ 
2019-03-31 21:06:03,794 INFO  [Log] ================================= 
2019-03-31 21:06:03,794 INFO  [Log] =========TC004========= 
2019-03-31 21:06:03,794 INFO  [Log] ================================= 
2019-03-31 21:06:03,832 INFO  [Log] Successfully hovered over the element xpath://*[@id="tm-148"] 
2019-03-31 21:06:07,470 INFO  [Log] Successfully hovered and clicked on the element linktext:AAPC Coder (Code Lookup) 
2019-03-31 21:06:10,469 INFO  [Log] Successfully clicked the element xpath://*[@id="main_content"]/div[5]/div[1]/div[1]/div/div[1]/div/div/div[2]/a 
2019-03-31 21:06:10,551 INFO  [Log] Successfully clicked the element id:ctl00_body_chkProFeeCoderMonthly 
2019-03-31 21:06:10,617 INFO  [Log] Successfully clicked the element id:chkTermsAndConditions 
2019-03-31 21:06:13,266 INFO  [Log] Successfully clicked the element xpath://*[@id="ctl00_body_LinkButton1"]/strong 
2019-03-31 21:06:13,266 INFO  [Log] =================END================ 
2019-03-31 21:15:06,430 INFO  [Log] ================================= 
2019-03-31 21:15:06,431 INFO  [Log] =========TC001========= 
2019-03-31 21:15:06,431 INFO  [Log] ================================= 
2019-03-31 21:15:17,588 INFO  [Log] Successfully opened the URL https://www.aapc.com/ 
2019-03-31 21:15:17,662 INFO  [Log] Successfully hovered over the element xpath://*[@id="tm-233"] 
2019-03-31 21:15:21,495 INFO  [Log] Successfully hovered and clicked on the element linkText:Individual 
2019-03-31 21:15:21,496 INFO  [Log] =================END================ 
2019-03-31 21:15:21,680 INFO  [Log] ================================= 
2019-03-31 21:15:21,681 INFO  [Log] =========TC002========= 
2019-03-31 21:15:21,681 INFO  [Log] ================================= 
2019-03-31 21:15:21,716 INFO  [Log] Successfully fetched the value from element id:totalPrice 
2019-03-31 21:15:26,570 INFO  [Log] Successfully clicked the element name:ctl00$Body$btnJoinNow 
2019-03-31 21:15:26,628 INFO  [Log] Successfully fetched the value from element xpath://*[@id="ctl00_body_lblSummary_Total"] 
2019-03-31 21:15:28,814 INFO  [Log] Successfully clicked the element xpath://*[@id="ctl00_body_btnLoginAndCreateAccountRedirect"]/a 
2019-03-31 21:15:28,814 INFO  [Log] =================END================ 
2019-03-31 21:15:28,890 INFO  [Log] ================================= 
2019-03-31 21:15:28,890 INFO  [Log] =========TC003========= 
2019-03-31 21:15:28,890 INFO  [Log] ================================= 
2019-03-31 21:15:29,120 INFO  [Log] Successfully entered the text in the element name:ctl00$Body$tbxNPFirstName 
2019-03-31 21:15:29,306 INFO  [Log] Successfully entered the text in the element name:ctl00$Body$tbxNPLastName 
2019-03-31 21:15:29,504 INFO  [Log] Successfully entered the text in the element name:ctl00$Body$rgUserName 
2019-03-31 21:15:29,615 INFO  [Log] Successfully entered the text in the element name:ctl00$Body$rgPassword 
2019-03-31 21:15:29,740 INFO  [Log] Successfully entered the text in the element name:ctl00$Body$ConfirmPassword 
2019-03-31 21:15:30,020 INFO  [Log] Successfully entered the text in the element name:ctl00$Body$Email 
2019-03-31 21:15:30,120 INFO  [Log] Successfully entered the text in the element name:ctl00$Body$tbxNPCompany 
2019-03-31 21:15:30,301 INFO  [Log] Successfully entered the text in the element name:ctl00$Body$tbxNPStreet 
2019-03-31 21:15:30,482 INFO  [Log] Successfully entered the text in the element name:ctl00$Body$tbxNPCity 
2019-03-31 21:15:30,584 INFO  [Log] Successfully selected value from dropdown element  name:ctl00$Body$ddlNPRegion 
2019-03-31 21:15:30,645 INFO  [Log] Successfully selected value from dropdown element  name:ctl00$Body$ddlNPCountry 
2019-03-31 21:15:30,794 INFO  [Log] Successfully entered the text in the element name:ctl00$Body$txtNPPhone 
2019-03-31 21:15:30,895 INFO  [Log] Successfully entered the text in the element name:ctl00$Body$tbxNPZip 
2019-03-31 21:15:30,895 INFO  [Log] =================END================ 
2019-03-31 21:15:30,949 INFO  [Log] ================================= 
2019-03-31 21:15:30,950 INFO  [Log] =========TC004========= 
2019-03-31 21:15:30,950 INFO  [Log] ================================= 
2019-03-31 21:15:30,992 INFO  [Log] Successfully hovered over the element xpath://*[@id="tm-148"] 
2019-03-31 21:15:38,522 INFO  [Log] Successfully hovered and clicked on the element linktext:AAPC Coder (Code Lookup) 
2019-03-31 21:15:42,105 INFO  [Log] Successfully clicked the element xpath://*[@id="main_content"]/div[5]/div[1]/div[1]/div/div[1]/div/div/div[2]/a 
2019-03-31 21:15:42,218 INFO  [Log] Successfully clicked the element id:ctl00_body_chkProFeeCoderMonthly 
2019-03-31 21:15:42,304 INFO  [Log] Successfully clicked the element id:chkTermsAndConditions 
2019-03-31 21:15:45,379 INFO  [Log] Successfully clicked the element xpath://*[@id="ctl00_body_LinkButton1"]/strong 
2019-03-31 21:15:45,379 INFO  [Log] =================END================ 
2019-03-31 21:17:27,346 INFO  [Log] ================================= 
2019-03-31 21:17:27,346 INFO  [Log] =========TC001========= 
2019-03-31 21:17:27,346 INFO  [Log] ================================= 
2019-03-31 21:17:38,693 INFO  [Log] Successfully opened the URL https://www.aapc.com/ 
2019-03-31 21:17:38,753 INFO  [Log] Successfully hovered over the element xpath://*[@id="tm-233"] 
2019-03-31 21:17:43,026 INFO  [Log] Successfully hovered and clicked on the element linkText:Individual 
2019-03-31 21:17:43,026 INFO  [Log] =================END================ 
2019-03-31 21:17:43,212 INFO  [Log] ================================= 
2019-03-31 21:17:43,212 INFO  [Log] =========TC002========= 
2019-03-31 21:17:43,212 INFO  [Log] ================================= 
2019-03-31 21:17:43,243 INFO  [Log] Successfully fetched the value from element id:totalPrice 
2019-03-31 21:17:48,703 INFO  [Log] Successfully clicked the element name:ctl00$Body$btnJoinNow 
2019-03-31 21:17:48,751 INFO  [Log] Successfully fetched the value from element xpath://*[@id="ctl00_body_lblSummary_Total"] 
2019-03-31 21:17:52,812 INFO  [Log] Successfully clicked the element xpath://*[@id="ctl00_body_btnLoginAndCreateAccountRedirect"]/a 
2019-03-31 21:17:52,812 INFO  [Log] =================END================ 
2019-03-31 21:17:52,876 INFO  [Log] ================================= 
2019-03-31 21:17:52,876 INFO  [Log] =========TC003========= 
2019-03-31 21:17:52,876 INFO  [Log] ================================= 
2019-03-31 21:17:53,083 INFO  [Log] Successfully entered the text in the element name:ctl00$Body$tbxNPFirstName 
2019-03-31 21:17:53,429 INFO  [Log] Successfully entered the text in the element name:ctl00$Body$tbxNPLastName 
2019-03-31 21:17:53,648 INFO  [Log] Successfully entered the text in the element name:ctl00$Body$rgUserName 
2019-03-31 21:17:53,767 INFO  [Log] Successfully entered the text in the element name:ctl00$Body$rgPassword 
2019-03-31 21:17:53,883 INFO  [Log] Successfully entered the text in the element name:ctl00$Body$ConfirmPassword 
2019-03-31 21:17:54,141 INFO  [Log] Successfully entered the text in the element name:ctl00$Body$Email 
2019-03-31 21:17:54,246 INFO  [Log] Successfully entered the text in the element name:ctl00$Body$tbxNPCompany 
2019-03-31 21:17:54,426 INFO  [Log] Successfully entered the text in the element name:ctl00$Body$tbxNPStreet 
2019-03-31 21:17:54,587 INFO  [Log] Successfully entered the text in the element name:ctl00$Body$tbxNPCity 
2019-03-31 21:17:54,698 INFO  [Log] Successfully selected value from dropdown element  name:ctl00$Body$ddlNPRegion 
2019-03-31 21:17:54,761 INFO  [Log] Successfully selected value from dropdown element  name:ctl00$Body$ddlNPCountry 
2019-03-31 21:17:54,884 INFO  [Log] Successfully entered the text in the element name:ctl00$Body$txtNPPhone 
2019-03-31 21:17:54,981 INFO  [Log] Successfully entered the text in the element name:ctl00$Body$tbxNPZip 
2019-03-31 21:17:54,981 INFO  [Log] =================END================ 
2019-03-31 21:17:55,033 INFO  [Log] ================================= 
2019-03-31 21:17:55,033 INFO  [Log] =========TC004========= 
2019-03-31 21:17:55,033 INFO  [Log] ================================= 
2019-03-31 21:17:55,082 INFO  [Log] Successfully hovered over the element xpath://*[@id="tm-148"] 
2019-03-31 21:17:59,435 INFO  [Log] Successfully hovered and clicked on the element linktext:AAPC Coder (Code Lookup) 
2019-03-31 21:18:03,241 INFO  [Log] Successfully clicked the element xpath://*[@id="main_content"]/div[5]/div[1]/div[1]/div/div[1]/div/div/div[2]/a 
2019-03-31 21:18:03,362 INFO  [Log] Successfully clicked the element id:ctl00_body_chkProFeeCoderMonthly 
2019-03-31 21:18:03,439 INFO  [Log] Successfully clicked the element id:chkTermsAndConditions 
2019-03-31 21:18:06,524 INFO  [Log] Successfully clicked the element xpath://*[@id="ctl00_body_LinkButton1"]/strong 
2019-03-31 21:18:06,524 INFO  [Log] =================END================ 
2019-03-31 21:21:00,935 INFO  [Log] ================================= 
2019-03-31 21:21:00,936 INFO  [Log] =========TC001========= 
2019-03-31 21:21:00,936 INFO  [Log] ================================= 
2019-03-31 21:21:13,074 INFO  [Log] Successfully opened the URL https://www.aapc.com/ 
2019-03-31 21:21:13,157 INFO  [Log] Successfully hovered over the element xpath://*[@id="tm-233"] 
2019-03-31 21:21:16,301 INFO  [Log] Successfully hovered and clicked on the element linkText:Individual 
2019-03-31 21:21:16,301 INFO  [Log] =================END================ 
2019-03-31 21:21:16,492 INFO  [Log] ================================= 
2019-03-31 21:21:16,492 INFO  [Log] =========TC002========= 
2019-03-31 21:21:16,492 INFO  [Log] ================================= 
2019-03-31 21:21:16,526 INFO  [Log] Successfully fetched the value from element id:totalPrice 
2019-03-31 21:21:20,593 INFO  [Log] Successfully clicked the element name:ctl00$Body$btnJoinNow 
2019-03-31 21:21:20,650 INFO  [Log] Successfully fetched the value from element xpath://*[@id="ctl00_body_lblSummary_Total"] 
2019-03-31 21:21:22,857 INFO  [Log] Successfully clicked the element xpath://*[@id="ctl00_body_btnLoginAndCreateAccountRedirect"]/a 
2019-03-31 21:21:22,858 INFO  [Log] =================END================ 
2019-03-31 21:21:22,931 INFO  [Log] ================================= 
2019-03-31 21:21:22,931 INFO  [Log] =========TC003========= 
2019-03-31 21:21:22,931 INFO  [Log] ================================= 
2019-03-31 21:21:23,166 INFO  [Log] Successfully entered the text in the element name:ctl00$Body$tbxNPFirstName 
2019-03-31 21:21:23,338 INFO  [Log] Successfully entered the text in the element name:ctl00$Body$tbxNPLastName 
2019-03-31 21:21:23,537 INFO  [Log] Successfully entered the text in the element name:ctl00$Body$rgUserName 
2019-03-31 21:21:23,656 INFO  [Log] Successfully entered the text in the element name:ctl00$Body$rgPassword 
2019-03-31 21:21:23,775 INFO  [Log] Successfully entered the text in the element name:ctl00$Body$ConfirmPassword 
2019-03-31 21:21:24,035 INFO  [Log] Successfully entered the text in the element name:ctl00$Body$Email 
2019-03-31 21:21:24,135 INFO  [Log] Successfully entered the text in the element name:ctl00$Body$tbxNPCompany 
2019-03-31 21:21:24,313 INFO  [Log] Successfully entered the text in the element name:ctl00$Body$tbxNPStreet 
2019-03-31 21:21:24,494 INFO  [Log] Successfully entered the text in the element name:ctl00$Body$tbxNPCity 
2019-03-31 21:21:24,595 INFO  [Log] Successfully selected value from dropdown element  name:ctl00$Body$ddlNPRegion 
2019-03-31 21:21:24,646 INFO  [Log] Successfully selected value from dropdown element  name:ctl00$Body$ddlNPCountry 
2019-03-31 21:21:24,832 INFO  [Log] Successfully entered the text in the element name:ctl00$Body$txtNPPhone 
2019-03-31 21:21:24,941 INFO  [Log] Successfully entered the text in the element name:ctl00$Body$tbxNPZip 
2019-03-31 21:21:24,941 INFO  [Log] =================END================ 
2019-03-31 21:21:24,995 INFO  [Log] ================================= 
2019-03-31 21:21:24,995 INFO  [Log] =========TC004========= 
2019-03-31 21:21:24,995 INFO  [Log] ================================= 
2019-03-31 21:21:25,038 INFO  [Log] Successfully hovered over the element xpath://*[@id="tm-148"] 
2019-03-31 21:21:29,355 INFO  [Log] Successfully hovered and clicked on the element linktext:AAPC Coder (Code Lookup) 
2019-03-31 21:21:32,030 INFO  [Log] Successfully clicked the element xpath://*[@id="main_content"]/div[5]/div[1]/div[1]/div/div[1]/div/div/div[2]/a 
2019-03-31 21:21:32,137 INFO  [Log] Successfully clicked the element id:ctl00_body_chkProFeeCoderMonthly 
2019-03-31 21:21:32,213 INFO  [Log] Successfully clicked the element id:chkTermsAndConditions 
2019-03-31 21:21:34,866 INFO  [Log] Successfully clicked the element xpath://*[@id="ctl00_body_LinkButton1"]/strong 
2019-03-31 21:21:34,866 INFO  [Log] =================END================ 
2019-04-14 20:38:51,078 INFO  [Log] ================================= 
2019-04-14 20:38:51,079 INFO  [Log] =========TC001========= 
2019-04-14 20:38:51,080 INFO  [Log] ================================= 
2019-04-14 20:39:06,324 INFO  [Log] Successfully opened the URL https://www.aapc.com/ 
2019-04-14 20:39:06,397 INFO  [Log] Successfully hovered over the element xpath://*[@id="tm-233"] 
2019-04-14 20:39:09,347 INFO  [Log] Successfully hovered and clicked on the element linkText:Individual 
2019-04-14 20:39:09,348 INFO  [Log] =================END================ 
2019-04-14 20:39:09,625 INFO  [Log] ================================= 
2019-04-14 20:39:09,625 INFO  [Log] =========TC002========= 
2019-04-14 20:39:09,625 INFO  [Log] ================================= 
2019-04-14 20:39:09,659 INFO  [Log] Successfully fetched the value from element id:totalPrice 
2019-04-14 20:39:17,854 INFO  [Log] Successfully clicked the element name:ctl00$Body$btnJoinNow 
2019-04-14 20:39:17,892 INFO  [Log] Successfully fetched the value from element xpath://*[@id="ctl00_body_lblSummary_Total"] 
2019-04-14 20:39:20,767 INFO  [Log] Successfully clicked the element xpath://*[@id="ctl00_body_btnLoginAndCreateAccountRedirect"]/a 
2019-04-14 20:39:20,767 INFO  [Log] =================END================ 
2019-04-14 20:39:20,841 INFO  [Log] ================================= 
2019-04-14 20:39:20,841 INFO  [Log] =========TC003========= 
2019-04-14 20:39:20,841 INFO  [Log] ================================= 
2019-04-14 20:39:21,013 INFO  [Log] Successfully entered the text in the element name:ctl00$Body$tbxNPFirstName 
2019-04-14 20:39:21,169 INFO  [Log] Successfully entered the text in the element name:ctl00$Body$tbxNPLastName 
2019-04-14 20:39:21,349 INFO  [Log] Successfully entered the text in the element name:ctl00$Body$rgUserName 
2019-04-14 20:39:21,453 INFO  [Log] Successfully entered the text in the element name:ctl00$Body$rgPassword 
2019-04-14 20:39:21,550 INFO  [Log] Successfully entered the text in the element name:ctl00$Body$ConfirmPassword 
2019-04-14 20:39:21,963 INFO  [Log] Successfully entered the text in the element name:ctl00$Body$Email 
2019-04-14 20:39:22,131 INFO  [Log] Successfully entered the text in the element name:ctl00$Body$tbxNPCompany 
2019-04-14 20:39:22,552 INFO  [Log] Successfully entered the text in the element name:ctl00$Body$tbxNPStreet 
2019-04-14 20:39:23,019 INFO  [Log] Successfully entered the text in the element name:ctl00$Body$tbxNPCity 
2019-04-14 20:39:23,331 INFO  [Log] Successfully selected value from dropdown element  name:ctl00$Body$ddlNPRegion 
2019-04-14 20:39:23,481 INFO  [Log] Successfully selected value from dropdown element  name:ctl00$Body$ddlNPCountry 
2019-04-14 20:39:23,842 INFO  [Log] Successfully entered the text in the element name:ctl00$Body$txtNPPhone 
2019-04-14 20:39:24,114 INFO  [Log] Successfully entered the text in the element name:ctl00$Body$tbxNPZip 
2019-04-14 20:39:24,114 INFO  [Log] =================END================ 
2019-04-14 20:39:24,236 INFO  [Log] ================================= 
2019-04-14 20:39:24,236 INFO  [Log] =========TC004========= 
2019-04-14 20:39:24,236 INFO  [Log] ================================= 
2019-04-14 20:39:24,284 INFO  [Log] Successfully hovered over the element xpath://*[@id="tm-148"] 
2019-04-14 20:39:29,490 INFO  [Log] Successfully hovered and clicked on the element linktext:AAPC Coder (Code Lookup) 
2019-04-14 20:39:31,498 INFO  [Log] Successfully clicked the element xpath://*[@id="main_content"]/div[5]/div[1]/div[1]/div/div[1]/div/div/div[2]/a 
2019-04-14 20:39:37,547 ERROR [Log] Not able to click the element id:ctl00_body_chkProFeeCoderMonthly 
2019-04-14 20:39:43,568 ERROR [Log] Not able to click the element id:chkTermsAndConditions 
2019-04-14 20:57:48,450 INFO  [Log] ================================= 
2019-04-14 20:57:48,451 INFO  [Log] =========TC001========= 
2019-04-14 20:57:48,451 INFO  [Log] ================================= 
2019-04-14 20:58:01,009 INFO  [Log] Successfully opened the URL https://www.aapc.com/ 
2019-04-14 20:58:01,109 INFO  [Log] Successfully hovered over the element xpath://*[@id="tm-233"] 
2019-04-14 20:58:05,394 INFO  [Log] Successfully hovered and clicked on the element linkText:Individual 
2019-04-14 20:58:05,394 INFO  [Log] =================END================ 
2019-04-14 20:58:05,637 INFO  [Log] ================================= 
2019-04-14 20:58:05,637 INFO  [Log] =========TC002========= 
2019-04-14 20:58:05,637 INFO  [Log] ================================= 
2019-04-14 20:58:05,682 INFO  [Log] Successfully fetched the value from element id:totalPrice 
2019-04-14 20:58:11,367 INFO  [Log] Successfully clicked the element name:ctl00$Body$btnJoinNow 
2019-04-14 20:58:11,429 INFO  [Log] Successfully fetched the value from element xpath://*[@id="ctl00_body_lblSummary_Total"] 
2019-04-14 20:58:13,443 INFO  [Log] Successfully clicked the element xpath://*[@id="ctl00_body_btnLoginAndCreateAccountRedirect"]/a 
2019-04-14 20:58:13,444 INFO  [Log] =================END================ 
2019-04-14 20:58:13,534 INFO  [Log] ================================= 
2019-04-14 20:58:13,534 INFO  [Log] =========TC003========= 
2019-04-14 20:58:13,534 INFO  [Log] ================================= 
2019-04-14 20:58:13,789 INFO  [Log] Successfully entered the text in the element name:ctl00$Body$tbxNPFirstName 
2019-04-14 20:58:14,043 INFO  [Log] Successfully entered the text in the element name:ctl00$Body$tbxNPLastName 
2019-04-14 20:58:14,340 INFO  [Log] Successfully entered the text in the element name:ctl00$Body$rgUserName 
2019-04-14 20:58:14,465 INFO  [Log] Successfully entered the text in the element name:ctl00$Body$rgPassword 
2019-04-14 20:58:14,606 INFO  [Log] Successfully entered the text in the element name:ctl00$Body$ConfirmPassword 
2019-04-14 20:58:14,983 INFO  [Log] Successfully entered the text in the element name:ctl00$Body$Email 
2019-04-14 20:58:15,109 INFO  [Log] Successfully entered the text in the element name:ctl00$Body$tbxNPCompany 
2019-04-14 20:58:15,370 INFO  [Log] Successfully entered the text in the element name:ctl00$Body$tbxNPStreet 
2019-04-14 20:58:15,567 INFO  [Log] Successfully entered the text in the element name:ctl00$Body$tbxNPCity 
2019-04-14 20:58:15,728 INFO  [Log] Successfully selected value from dropdown element  name:ctl00$Body$ddlNPRegion 
2019-04-14 20:58:15,788 INFO  [Log] Successfully selected value from dropdown element  name:ctl00$Body$ddlNPCountry 
2019-04-14 20:58:15,922 INFO  [Log] Successfully entered the text in the element name:ctl00$Body$txtNPPhone 
2019-04-14 20:58:16,030 INFO  [Log] Successfully entered the text in the element name:ctl00$Body$tbxNPZip 
2019-04-14 20:58:16,030 INFO  [Log] =================END================ 
2019-04-14 20:58:16,107 INFO  [Log] ================================= 
2019-04-14 20:58:16,107 INFO  [Log] =========TC004========= 
2019-04-14 20:58:16,107 INFO  [Log] ================================= 
2019-04-14 20:58:16,182 INFO  [Log] Successfully hovered over the element xpath://*[@id="tm-148"] 
2019-04-14 20:58:20,737 INFO  [Log] Successfully hovered and clicked on the element linktext:AAPC Coder (Code Lookup) 
2019-04-14 20:58:24,585 INFO  [Log] Successfully clicked the element xpath://*[@id="main_content"]/div[5]/div[1]/div[1]/div/div[1]/div/div/div[2]/a 
2019-04-14 20:58:24,750 INFO  [Log] Successfully clicked the element id:ctl00_body_chkProFeeCoderMonthly 
2019-04-14 20:58:24,885 INFO  [Log] Successfully clicked the element id:chkTermsAndConditions 
2019-04-14 20:58:28,650 INFO  [Log] Successfully clicked the element xpath://*[@id="ctl00_body_LinkButton1"]/strong 
2019-04-14 20:58:28,650 INFO  [Log] =================END================ 
2019-04-14 20:59:40,430 INFO  [Log] ================================= 
2019-04-14 20:59:40,432 INFO  [Log] =========TC001========= 
2019-04-14 20:59:40,432 INFO  [Log] ================================= 
2019-04-14 20:59:52,308 INFO  [Log] Successfully opened the URL https://www.aapc.com/ 
2019-04-14 20:59:52,401 INFO  [Log] Successfully hovered over the element xpath://*[@id="tm-233"] 
2019-04-14 20:59:54,913 INFO  [Log] Successfully hovered and clicked on the element linkText:Individual 
2019-04-14 20:59:54,913 INFO  [Log] =================END================ 
2019-04-14 20:59:55,198 INFO  [Log] ================================= 
2019-04-14 20:59:55,199 INFO  [Log] =========TC002========= 
2019-04-14 20:59:55,199 INFO  [Log] ================================= 
2019-04-14 20:59:55,254 INFO  [Log] Successfully fetched the value from element id:totalPrice 
2019-04-14 21:00:00,004 INFO  [Log] Successfully clicked the element name:ctl00$Body$btnJoinNow 
2019-04-14 21:00:00,057 INFO  [Log] Successfully fetched the value from element xpath://*[@id="ctl00_body_lblSummary_Total"] 
2019-04-14 21:00:02,492 INFO  [Log] Successfully clicked the element xpath://*[@id="ctl00_body_btnLoginAndCreateAccountRedirect"]/a 
2019-04-14 21:00:02,492 INFO  [Log] =================END================ 
2019-04-14 21:00:02,604 INFO  [Log] ================================= 
2019-04-14 21:00:02,604 INFO  [Log] =========TC003========= 
2019-04-14 21:00:02,604 INFO  [Log] ================================= 
2019-04-14 21:00:02,871 INFO  [Log] Successfully entered the text in the element name:ctl00$Body$tbxNPFirstName 
2019-04-14 21:00:03,103 INFO  [Log] Successfully entered the text in the element name:ctl00$Body$tbxNPLastName 
2019-04-14 21:00:03,354 INFO  [Log] Successfully entered the text in the element name:ctl00$Body$rgUserName 
2019-04-14 21:00:03,487 INFO  [Log] Successfully entered the text in the element name:ctl00$Body$rgPassword 
2019-04-14 21:00:03,620 INFO  [Log] Successfully entered the text in the element name:ctl00$Body$ConfirmPassword 
2019-04-14 21:00:03,928 INFO  [Log] Successfully entered the text in the element name:ctl00$Body$Email 
2019-04-14 21:00:04,046 INFO  [Log] Successfully entered the text in the element name:ctl00$Body$tbxNPCompany 
2019-04-14 21:00:04,231 INFO  [Log] Successfully entered the text in the element name:ctl00$Body$tbxNPStreet 
2019-04-14 21:00:04,467 INFO  [Log] Successfully entered the text in the element name:ctl00$Body$tbxNPCity 
2019-04-14 21:00:04,586 INFO  [Log] Successfully selected value from dropdown element  name:ctl00$Body$ddlNPRegion 
2019-04-14 21:00:04,649 INFO  [Log] Successfully selected value from dropdown element  name:ctl00$Body$ddlNPCountry 
2019-04-14 21:00:04,796 INFO  [Log] Successfully entered the text in the element name:ctl00$Body$txtNPPhone 
2019-04-14 21:00:04,899 INFO  [Log] Successfully entered the text in the element name:ctl00$Body$tbxNPZip 
2019-04-14 21:00:04,899 INFO  [Log] =================END================ 
2019-04-14 21:00:04,981 INFO  [Log] ================================= 
2019-04-14 21:00:04,981 INFO  [Log] =========TC004========= 
2019-04-14 21:00:04,981 INFO  [Log] ================================= 
2019-04-14 21:00:05,034 INFO  [Log] Successfully hovered over the element xpath://*[@id="tm-148"] 
2019-04-14 21:00:08,401 INFO  [Log] Successfully hovered and clicked on the element linktext:AAPC Coder (Code Lookup) 
2019-04-14 21:00:11,717 INFO  [Log] Successfully clicked the element xpath://*[@id="main_content"]/div[5]/div[1]/div[1]/div/div[1]/div/div/div[2]/a 
2019-04-14 21:00:11,898 INFO  [Log] Successfully clicked the element id:ctl00_body_chkProFeeCoderMonthly 
2019-04-14 21:00:12,030 INFO  [Log] Successfully clicked the element id:chkTermsAndConditions 
2019-04-14 21:00:15,376 INFO  [Log] Successfully clicked the element xpath://*[@id="ctl00_body_LinkButton1"]/strong 
2019-04-14 21:00:15,377 INFO  [Log] =================END================ 
